Solid Edge Translation to STL
Date: dinsdag,juli 18,2023 05:01
Source File:C:\Users\u0140902\Desktop\ICRA_2024_paper\Matlab_code\objects\bottle.par
Source System: SOLID EDGE

Hardware:
Processor: Intel(R) Core(TM) i9-9880H CPU @ 2.30GHz
Operating System: Windows 10 Enterprise Edition
Installed Memory: 15,85 GB

Software Information:
Parasolid Version: 31.1.255
PSBodyshop Version: 31.1.110
Solid Edge Version: 220.00.00.104 x64

STL Export Options:
Output File Format:BINARY
Export Displayed Parts:Off
structureOption: Monolithic
Export Units:Millimeter
Export Tolerance Value:0,050000
Export Tolerance Type:Custom
Export Surface Plane Angle Value:0,523599

Translation progress:
Phase 1 of 2 Fetching Parasolid information...
Phase 2 of 2 Translating Parasolid to foreign data types...
Number of STL file Created : 1
Translation process completed
Time required to translate:00 : 00 : 00
